This file contains any messages produced by compilers while
running configure, to aid debugging if configure makes a mistake.

It was created by configure, which was
generated by GNU Autoconf 2.64.  Invocation command line was

  $ ./configure --enable-fixed-point --enable-static-modes

## --------- ##
## Platform. ##
## --------- ##

hostname = suspire
uname -m = x86_64
uname -r = 2.6.35-28-generic
uname -s = Linux
uname -v = #50-Ubuntu SMP Fri Mar 18 18:42:20 UTC 2011

/usr/bin/uname -p = unknown
/bin/uname -X     = unknown

/bin/arch              = unknown
/usr/bin/arch -k       = unknown
/usr/convex/getsysinfo = unknown
/usr/bin/hostinfo      = unknown
/bin/machine           = unknown
/usr/bin/oslevel       = unknown
/bin/universe          = unknown

PATH: /home/cesar/bin
PATH: /usr/local/sbin
PATH: /usr/local/bin
PATH: /usr/sbin
PATH: /usr/bin
PATH: /sbin
PATH: /bin
PATH: /usr/games


## ----------- ##
## Core tests. ##
## ----------- ##

configure:2572: checking for a BSD-compatible install
configure:2640: result: /usr/bin/install -c
configure:2651: checking whether build environment is sane
configure:2701: result: yes
configure:2842: checking for a thread-safe mkdir -p
configure:2881: result: /bin/mkdir -p
configure:2894: checking for gawk
configure:2910: found /usr/bin/gawk
configure:2921: result: gawk
configure:2932: checking whether make sets $(MAKE)
configure:2954: result: yes
configure:3026: checking whether to enable maintainer-specific portions of Makefiles
configure:3035: result: no
configure:3053: checking build system type
configure:3067: result: x86_64-unknown-linux-gnu
configure:3087: checking host system type
configure:3100: result: x86_64-unknown-linux-gnu
configure:3157: checking for style of include used by make
configure:3185: result: GNU
configure:3255: checking for gcc
configure:3271: found /usr/bin/gcc
configure:3282: result: gcc
configure:3511: checking for C compiler version
configure:3520: gcc --version >&5
gcc (Ubuntu/Linaro 4.4.4-14ubuntu5) 4.4.5
Copyright (C) 2010 Free Software Foundation, Inc.
This is free software; see the source for copying conditions.  There is NO
warranty; not even for MERCHANTABILITY or FITNESS FOR A PARTICULAR PURPOSE.

configure:3531: $? = 0
configure:3520: gcc -v >&5
Using built-in specs.
Target: x86_64-linux-gnu
Configured with: ../src/configure -v --with-pkgversion='Ubuntu/Linaro 4.4.4-14ubuntu5' --with-bugurl=file:///usr/share/doc/gcc-4.4/README.Bugs --enable-languages=c,c++,fortran,objc,obj-c++ --prefix=/usr --program-suffix=-4.4 --enable-shared --enable-multiarch --enable-linker-build-id --with-system-zlib --libexecdir=/usr/lib --without-included-gettext --enable-threads=posix --with-gxx-include-dir=/usr/include/c++/4.4 --libdir=/usr/lib --enable-nls --with-sysroot=/ --enable-clocale=gnu --enable-libstdcxx-debug --enable-objc-gc --disable-werror --with-arch-32=i686 --with-tune=generic --enable-checking=release --build=x86_64-linux-gnu --host=x86_64-linux-gnu --target=x86_64-linux-gnu
Thread model: posix
gcc version 4.4.5 (Ubuntu/Linaro 4.4.4-14ubuntu5) 
configure:3531: $? = 0
configure:3520: gcc -V >&5
gcc: '-V' option must have argument
configure:3531: $? = 1
configure:3520: gcc -qversion >&5
gcc: unrecognized option '-qversion'
gcc: no input files
configure:3531: $? = 1
configure:3553: checking for C compiler default output file name
configure:3575: gcc    conftest.c  >&5
configure:3579: $? = 0
configure:3616: result: a.out
configure:3632: checking whether the C compiler works
configure:3641: ./a.out
configure:3645: $? = 0
configure:3660: result: yes
configure:3667: checking whether we are cross compiling
configure:3669: result: no
configure:3672: checking for suffix of executables
configure:3679: gcc -o conftest    conftest.c  >&5
configure:3683: $? = 0
configure:3705: result: 
configure:3711: checking for suffix of object files
configure:3733: gcc -c   conftest.c >&5
configure:3737: $? = 0
configure:3758: result: o
configure:3762: checking whether we are using the GNU C compiler
configure:3781: gcc -c   conftest.c >&5
configure:3781: $? = 0
configure:3790: result: yes
configure:3799: checking whether gcc accepts -g
configure:3819: gcc -c -g  conftest.c >&5
configure:3819: $? = 0
configure:3860: result: yes
configure:3877: checking for gcc option to accept ISO C89
configure:3941: gcc  -c -g -O2  conftest.c >&5
configure:3941: $? = 0
configure:3954: result: none needed
configure:3976: checking dependency style of gcc
configure:4086: result: gcc3
configure:4101: checking for a sed that does not truncate output
configure:4165: result: /bin/sed
configure:4183: checking for grep that handles long lines and -e
configure:4241: result: /bin/grep
configure:4246: checking for egrep
configure:4308: result: /bin/grep -E
configure:4313: checking for fgrep
configure:4375: result: /bin/grep -F
configure:4410: checking for ld used by gcc
configure:4477: result: /usr/bin/ld
configure:4484: checking if the linker (/usr/bin/ld) is GNU ld
configure:4499: result: yes
configure:4511: checking for BSD- or MS-compatible name lister (nm)
configure:4560: result: /usr/bin/nm -B
configure:4678: checking the name lister (/usr/bin/nm -B) interface
configure:4685: gcc -c -g -O2  conftest.c >&5
configure:4688: /usr/bin/nm -B "conftest.o"
configure:4691: output
0000000000000000 B some_variable
configure:4698: result: BSD nm
configure:4701: checking whether ln -s works
configure:4705: result: yes
configure:4713: checking the maximum length of command line arguments
configure:4833: result: 1572864
configure:4850: checking whether the shell understands some XSI constructs
configure:4860: result: yes
configure:4864: checking whether the shell understands "+="
configure:4870: result: yes
configure:4905: checking for /usr/bin/ld option to reload object files
configure:4912: result: -r
configure:4981: checking for objdump
configure:4997: found /usr/bin/objdump
configure:5008: result: objdump
configure:5040: checking how to recognize dependent libraries
configure:5236: result: pass_all
configure:5296: checking for ar
configure:5312: found /usr/bin/ar
configure:5323: result: ar
configure:5401: checking for strip
configure:5417: found /usr/bin/strip
configure:5428: result: strip
configure:5500: checking for ranlib
configure:5516: found /usr/bin/ranlib
configure:5527: result: ranlib
configure:5617: checking command to parse /usr/bin/nm -B output from gcc object
configure:5735: gcc -c -g -O2  conftest.c >&5
configure:5738: $? = 0
configure:5742: /usr/bin/nm -B conftest.o \| sed -n -e 's/^.*[	 ]\([ABCDGIRSTW][ABCDGIRSTW]*\)[	 ][	 ]*\([_A-Za-z][_A-Za-z0-9]*\)$/\1 \2 \2/p' \> conftest.nm
configure:5745: $? = 0
configure:5799: gcc -o conftest -g -O2   conftest.c conftstm.o >&5
configure:5802: $? = 0
configure:5840: result: ok
configure:5936: gcc -c -g -O2  conftest.c >&5
configure:5939: $? = 0
configure:6649: checking how to run the C preprocessor
configure:6680: gcc -E  conftest.c
configure:6680: $? = 0
configure:6694: gcc -E  conftest.c
conftest.c:9: fatal error: ac_nonexistent.h: No such file or directory
compilation terminated.
configure:6694: $? = 1
configure: failed program was:
| /* confdefs.h */
| #define PACKAGE_NAME ""
| #define PACKAGE_TARNAME ""
| #define PACKAGE_VERSION ""
| #define PACKAGE_STRING ""
| #define PACKAGE_BUGREPORT ""
| #define PACKAGE_URL ""
| /* end confdefs.h.  */
| #include <ac_nonexistent.h>
configure:6719: result: gcc -E
configure:6739: gcc -E  conftest.c
configure:6739: $? = 0
configure:6753: gcc -E  conftest.c
conftest.c:9: fatal error: ac_nonexistent.h: No such file or directory
compilation terminated.
configure:6753: $? = 1
configure: failed program was:
| /* confdefs.h */
| #define PACKAGE_NAME ""
| #define PACKAGE_TARNAME ""
| #define PACKAGE_VERSION ""
| #define PACKAGE_STRING ""
| #define PACKAGE_BUGREPORT ""
| #define PACKAGE_URL ""
| /* end confdefs.h.  */
| #include <ac_nonexistent.h>
configure:6782: checking for ANSI C header files
configure:6802: gcc -c -g -O2  conftest.c >&5
configure:6802: $? = 0
configure:6875: gcc -o conftest -g -O2   conftest.c  >&5
configure:6875: $? = 0
configure:6875: ./conftest
configure:6875: $? = 0
configure:6886: result: yes
configure:6899: checking for sys/types.h
configure:6899: gcc -c -g -O2  conftest.c >&5
configure:6899: $? = 0
configure:6899: result: yes
configure:6899: checking for sys/stat.h
configure:6899: gcc -c -g -O2  conftest.c >&5
configure:6899: $? = 0
configure:6899: result: yes
configure:6899: checking for stdlib.h
configure:6899: gcc -c -g -O2  conftest.c >&5
configure:6899: $? = 0
configure:6899: result: yes
configure:6899: checking for string.h
configure:6899: gcc -c -g -O2  conftest.c >&5
configure:6899: $? = 0
configure:6899: result: yes
configure:6899: checking for memory.h
configure:6899: gcc -c -g -O2  conftest.c >&5
configure:6899: $? = 0
configure:6899: result: yes
configure:6899: checking for strings.h
configure:6899: gcc -c -g -O2  conftest.c >&5
configure:6899: $? = 0
configure:6899: result: yes
configure:6899: checking for inttypes.h
configure:6899: gcc -c -g -O2  conftest.c >&5
configure:6899: $? = 0
configure:6899: result: yes
configure:6899: checking for stdint.h
configure:6899: gcc -c -g -O2  conftest.c >&5
configure:6899: $? = 0
configure:6899: result: yes
configure:6899: checking for unistd.h
configure:6899: gcc -c -g -O2  conftest.c >&5
configure:6899: $? = 0
configure:6899: result: yes
configure:6914: checking for dlfcn.h
configure:6914: gcc -c -g -O2  conftest.c >&5
configure:6914: $? = 0
configure:6914: result: yes
configure:7098: checking for objdir
configure:7113: result: .libs
configure:7405: checking if gcc supports -fno-rtti -fno-exceptions
configure:7423: gcc -c -g -O2  -fno-rtti -fno-exceptions conftest.c >&5
cc1: warning: command line option "-fno-rtti" is valid for C++/ObjC++ but not for C
configure:7427: $? = 0
configure:7440: result: no
configure:7460: checking for gcc option to produce PIC
configure:7732: result: -fPIC -DPIC
configure:7744: checking if gcc PIC flag -fPIC -DPIC works
configure:7762: gcc -c -g -O2  -fPIC -DPIC -DPIC conftest.c >&5
configure:7766: $? = 0
configure:7779: result: yes
configure:7803: checking if gcc static flag -static works
configure:7831: result: yes
configure:7846: checking if gcc supports -c -o file.o
configure:7867: gcc -c -g -O2  -o out/conftest2.o conftest.c >&5
configure:7871: $? = 0
configure:7893: result: yes
configure:7901: checking if gcc supports -c -o file.o
configure:7948: result: yes
configure:7981: checking whether the gcc linker (/usr/bin/ld -m elf_x86_64) supports shared libraries
configure:8971: result: yes
configure:9008: checking whether -lc should be explicitly linked in
configure:9013: gcc -c -g -O2  conftest.c >&5
configure:9016: $? = 0
configure:9031: gcc -shared conftest.o  -v -Wl,-soname -Wl,conftest -o conftest 2\>\&1 \| /bin/grep  -lc  \>/dev/null 2\>\&1
configure:9034: $? = 0
configure:9046: result: no
configure:9210: checking dynamic linker characteristics
configure:9643: gcc -o conftest -g -O2   -Wl,-rpath -Wl,/foo conftest.c  >&5
configure:9643: $? = 0
configure:9873: result: GNU/Linux ld.so
configure:9975: checking how to hardcode library paths into programs
configure:10000: result: immediate
configure:10520: checking whether stripping libraries is possible
configure:10525: result: yes
configure:10560: checking if libtool supports shared libraries
configure:10562: result: yes
configure:10565: checking whether to build shared libraries
configure:10586: result: yes
configure:10589: checking whether to build static libraries
configure:10593: result: yes
configure:10629: checking for gcc option to accept ISO C99
configure:10778: gcc  -c -g -O2  conftest.c >&5
conftest.c:71: error: expected ';', ',' or ')' before 'text'
conftest.c: In function 'main':
conftest.c:125: error: expected '=', ',', ';', 'asm' or '__attribute__' before 'newvar'
conftest.c:125: error: 'newvar' undeclared (first use in this function)
conftest.c:125: error: (Each undeclared identifier is reported only once
conftest.c:125: error: for each function it appears in.)
conftest.c:135: error: 'for' loop initial declarations are only allowed in C99 mode
conftest.c:135: note: use option -std=c99 or -std=gnu99 to compile your code
configure:10778: $? = 1
configure: failed program was:
| /* confdefs.h */
| #define PACKAGE_NAME ""
| #define PACKAGE_TARNAME ""
| #define PACKAGE_VERSION ""
| #define PACKAGE_STRING ""
| #define PACKAGE_BUGREPORT ""
| #define PACKAGE_URL ""
| #define STDC_HEADERS 1
| #define HAVE_SYS_TYPES_H 1
| #define HAVE_SYS_STAT_H 1
| #define HAVE_STDLIB_H 1
| #define HAVE_STRING_H 1
| #define HAVE_MEMORY_H 1
| #define HAVE_STRINGS_H 1
| #define HAVE_INTTYPES_H 1
| #define HAVE_STDINT_H 1
| #define HAVE_UNISTD_H 1
| #define HAVE_DLFCN_H 1
| #define LT_OBJDIR ".libs/"
| /* end confdefs.h.  */
| #include <stdarg.h>
| #include <stdbool.h>
| #include <stdlib.h>
| #include <wchar.h>
| #include <stdio.h>
| 
| // Check varargs macros.  These examples are taken from C99 6.10.3.5.
| #define debug(...) fprintf (stderr, __VA_ARGS__)
| #define showlist(...) puts (#__VA_ARGS__)
| #define report(test,...) ((test) ? puts (#test) : printf (__VA_ARGS__))
| static void
| test_varargs_macros (void)
| {
|   int x = 1234;
|   int y = 5678;
|   debug ("Flag");
|   debug ("X = %d\n", x);
|   showlist (The first, second, and third items.);
|   report (x>y, "x is %d but y is %d", x, y);
| }
| 
| // Check long long types.
| #define BIG64 18446744073709551615ull
| #define BIG32 4294967295ul
| #define BIG_OK (BIG64 / BIG32 == 4294967297ull && BIG64 % BIG32 == 0)
| #if !BIG_OK
|   your preprocessor is broken;
| #endif
| #if BIG_OK
| #else
|   your preprocessor is broken;
| #endif
| static long long int bignum = -9223372036854775807LL;
| static unsigned long long int ubignum = BIG64;
| 
| struct incomplete_array
| {
|   int datasize;
|   double data[];
| };
| 
| struct named_init {
|   int number;
|   const wchar_t *name;
|   double average;
| };
| 
| typedef const char *ccp;
| 
| static inline int
| test_restrict (ccp restrict text)
| {
|   // See if C++-style comments work.
|   // Iterate through items via the restricted pointer.
|   // Also check for declarations in for loops.
|   for (unsigned int i = 0; *(text+i) != '\0'; ++i)
|     continue;
|   return 0;
| }
| 
| // Check varargs and va_copy.
| static void
| test_varargs (const char *format, ...)
| {
|   va_list args;
|   va_start (args, format);
|   va_list args_copy;
|   va_copy (args_copy, args);
| 
|   const char *str;
|   int number;
|   float fnumber;
| 
|   while (*format)
|     {
|       switch (*format++)
| 	{
| 	case 's': // string
| 	  str = va_arg (args_copy, const char *);
| 	  break;
| 	case 'd': // int
| 	  number = va_arg (args_copy, int);
| 	  break;
| 	case 'f': // float
| 	  fnumber = va_arg (args_copy, double);
| 	  break;
| 	default:
| 	  break;
| 	}
|     }
|   va_end (args_copy);
|   va_end (args);
| }
| 
| int
| main ()
| {
| 
|   // Check bool.
|   _Bool success = false;
| 
|   // Check restrict.
|   if (test_restrict ("String literal") == 0)
|     success = true;
|   char *restrict newvar = "Another string";
| 
|   // Check varargs.
|   test_varargs ("s, d' f .", "string", 65, 34.234);
|   test_varargs_macros ();
| 
|   // Check flexible array members.
|   struct incomplete_array *ia =
|     malloc (sizeof (struct incomplete_array) + (sizeof (double) * 10));
|   ia->datasize = 10;
|   for (int i = 0; i < ia->datasize; ++i)
|     ia->data[i] = i * 1.234;
| 
|   // Check named initializers.
|   struct named_init ni = {
|     .number = 34,
|     .name = L"Test wide string",
|     .average = 543.34343,
|   };
| 
|   ni.number = 58;
| 
|   int dynamic_array[ni.number];
|   dynamic_array[ni.number - 1] = 543;
| 
|   // work around unused variable warnings
|   return (!success || bignum == 0LL || ubignum == 0uLL || newvar[0] == 'x'
| 	  || dynamic_array[ni.number - 1] != 543);
| 
|   ;
|   return 0;
| }
configure:10778: gcc -std=gnu99 -c -g -O2  conftest.c >&5
configure:10778: $? = 0
configure:10798: result: -std=gnu99
configure:10806: checking whether byte ordering is bigendian
configure:10821: gcc -std=gnu99 -c -g -O2  conftest.c >&5
conftest.c:22: error: expected '=', ',', ';', 'asm' or '__attribute__' before 'a'
configure:10821: $? = 1
configure: failed program was:
| /* confdefs.h */
| #define PACKAGE_NAME ""
| #define PACKAGE_TARNAME ""
| #define PACKAGE_VERSION ""
| #define PACKAGE_STRING ""
| #define PACKAGE_BUGREPORT ""
| #define PACKAGE_URL ""
| #define STDC_HEADERS 1
| #define HAVE_SYS_TYPES_H 1
| #define HAVE_SYS_STAT_H 1
| #define HAVE_STDLIB_H 1
| #define HAVE_STRING_H 1
| #define HAVE_MEMORY_H 1
| #define HAVE_STRINGS_H 1
| #define HAVE_INTTYPES_H 1
| #define HAVE_STDINT_H 1
| #define HAVE_UNISTD_H 1
| #define HAVE_DLFCN_H 1
| #define LT_OBJDIR ".libs/"
| /* end confdefs.h.  */
| #ifndef __APPLE_CC__
| 	       not a universal capable compiler
| 	     #endif
| 	     typedef int dummy;
| 
configure:10866: gcc -std=gnu99 -c -g -O2  conftest.c >&5
configure:10866: $? = 0
configure:10884: gcc -std=gnu99 -c -g -O2  conftest.c >&5
conftest.c: In function 'main':
conftest.c:28: error: 'not' undeclared (first use in this function)
conftest.c:28: error: (Each undeclared identifier is reported only once
conftest.c:28: error: for each function it appears in.)
conftest.c:28: error: expected ';' before 'big'
configure:10884: $? = 1
configure: failed program was:
| /* confdefs.h */
| #define PACKAGE_NAME ""
| #define PACKAGE_TARNAME ""
| #define PACKAGE_VERSION ""
| #define PACKAGE_STRING ""
| #define PACKAGE_BUGREPORT ""
| #define PACKAGE_URL ""
| #define STDC_HEADERS 1
| #define HAVE_SYS_TYPES_H 1
| #define HAVE_SYS_STAT_H 1
| #define HAVE_STDLIB_H 1
| #define HAVE_STRING_H 1
| #define HAVE_MEMORY_H 1
| #define HAVE_STRINGS_H 1
| #define HAVE_INTTYPES_H 1
| #define HAVE_STDINT_H 1
| #define HAVE_UNISTD_H 1
| #define HAVE_DLFCN_H 1
| #define LT_OBJDIR ".libs/"
| /* end confdefs.h.  */
| #include <sys/types.h>
| 		#include <sys/param.h>
| 
| int
| main ()
| {
| #if BYTE_ORDER != BIG_ENDIAN
| 		 not big endian
| 		#endif
| 
|   ;
|   return 0;
| }
configure:11012: result: no
configure:11030: checking for an ANSI C-conforming const
configure:11095: gcc -std=gnu99 -c -g -O2  conftest.c >&5
configure:11095: $? = 0
configure:11102: result: yes
configure:11110: checking for inline
configure:11126: gcc -std=gnu99 -c -g -O2  conftest.c >&5
configure:11126: $? = 0
configure:11134: result: inline
configure:11152: checking for C/C++ restrict keyword
configure:11177: gcc -std=gnu99 -c -g -O2  conftest.c >&5
configure:11177: $? = 0
configure:11185: result: __restrict
configure:11203: checking for C99 variable-size arrays
configure:11219: gcc -std=gnu99 -c -g -O2  conftest.c >&5
configure:11219: $? = 0
configure:11229: result: yes
configure:11235: checking alloca.h usability
configure:11235: gcc -std=gnu99 -c -g -O2  conftest.c >&5
configure:11235: $? = 0
configure:11235: result: yes
configure:11235: checking alloca.h presence
configure:11235: gcc -E  conftest.c
configure:11235: $? = 0
configure:11235: result: yes
configure:11235: checking for alloca.h
configure:11235: result: yes
configure:11235: checking getopt.h usability
configure:11235: gcc -std=gnu99 -c -g -O2  conftest.c >&5
configure:11235: $? = 0
configure:11235: result: yes
configure:11235: checking getopt.h presence
configure:11235: gcc -E  conftest.c
configure:11235: $? = 0
configure:11235: result: yes
configure:11235: checking for getopt.h
configure:11235: result: yes
configure:11246: checking for alloca
configure:11262: gcc -std=gnu99 -c -g -O2  conftest.c >&5
configure:11262: $? = 0
configure:11276: result: yes
configure:11282: checking sys/soundcard.h usability
configure:11282: gcc -std=gnu99 -c -g -O2  conftest.c >&5
configure:11282: $? = 0
configure:11282: result: yes
configure:11282: checking sys/soundcard.h presence
configure:11282: gcc -E  conftest.c
configure:11282: $? = 0
configure:11282: result: yes
configure:11282: checking for sys/soundcard.h
configure:11282: result: yes
configure:11282: checking sys/audioio.h usability
configure:11282: gcc -std=gnu99 -c -g -O2  conftest.c >&5
conftest.c:60: fatal error: sys/audioio.h: No such file or directory
compilation terminated.
configure:11282: $? = 1
configure: failed program was:
| /* confdefs.h */
| #define PACKAGE_NAME ""
| #define PACKAGE_TARNAME ""
| #define PACKAGE_VERSION ""
| #define PACKAGE_STRING ""
| #define PACKAGE_BUGREPORT ""
| #define PACKAGE_URL ""
| #define STDC_HEADERS 1
| #define HAVE_SYS_TYPES_H 1
| #define HAVE_SYS_STAT_H 1
| #define HAVE_STDLIB_H 1
| #define HAVE_STRING_H 1
| #define HAVE_MEMORY_H 1
| #define HAVE_STRINGS_H 1
| #define HAVE_INTTYPES_H 1
| #define HAVE_STDINT_H 1
| #define HAVE_UNISTD_H 1
| #define HAVE_DLFCN_H 1
| #define LT_OBJDIR ".libs/"
| #define restrict __restrict
| #define CELT_BUILD /**/
| #define VAR_ARRAYS /**/
| #define HAVE_ALLOCA_H 1
| #define HAVE_GETOPT_H 1
| #define HAVE_SYS_SOUNDCARD_H 1
| /* end confdefs.h.  */
| #include <stdio.h>
| #ifdef HAVE_SYS_TYPES_H
| # include <sys/types.h>
| #endif
| #ifdef HAVE_SYS_STAT_H
| # include <sys/stat.h>
| #endif
| #ifdef STDC_HEADERS
| # include <stdlib.h>
| # include <stddef.h>
| #else
| # ifdef HAVE_STDLIB_H
| #  include <stdlib.h>
| # endif
| #endif
| #ifdef HAVE_STRING_H
| # if !defined STDC_HEADERS && defined HAVE_MEMORY_H
| #  include <memory.h>
| # endif
| # include <string.h>
| #endif
| #ifdef HAVE_STRINGS_H
| # include <strings.h>
| #endif
| #ifdef HAVE_INTTYPES_H
| # include <inttypes.h>
| #endif
| #ifdef HAVE_STDINT_H
| # include <stdint.h>
| #endif
| #ifdef HAVE_UNISTD_H
| # include <unistd.h>
| #endif
| #include <sys/audioio.h>
configure:11282: result: no
configure:11282: checking sys/audioio.h presence
configure:11282: gcc -E  conftest.c
conftest.c:27: fatal error: sys/audioio.h: No such file or directory
compilation terminated.
configure:11282: $? = 1
configure: failed program was:
| /* confdefs.h */
| #define PACKAGE_NAME ""
| #define PACKAGE_TARNAME ""
| #define PACKAGE_VERSION ""
| #define PACKAGE_STRING ""
| #define PACKAGE_BUGREPORT ""
| #define PACKAGE_URL ""
| #define STDC_HEADERS 1
| #define HAVE_SYS_TYPES_H 1
| #define HAVE_SYS_STAT_H 1
| #define HAVE_STDLIB_H 1
| #define HAVE_STRING_H 1
| #define HAVE_MEMORY_H 1
| #define HAVE_STRINGS_H 1
| #define HAVE_INTTYPES_H 1
| #define HAVE_STDINT_H 1
| #define HAVE_UNISTD_H 1
| #define HAVE_DLFCN_H 1
| #define LT_OBJDIR ".libs/"
| #define restrict __restrict
| #define CELT_BUILD /**/
| #define VAR_ARRAYS /**/
| #define HAVE_ALLOCA_H 1
| #define HAVE_GETOPT_H 1
| #define HAVE_SYS_SOUNDCARD_H 1
| /* end confdefs.h.  */
| #include <sys/audioio.h>
configure:11282: result: no
configure:11282: checking for sys/audioio.h
configure:11282: result: no
configure:11351: checking for Ogg
configure:11386: gcc -std=gnu99 -o conftest -g -O2    conftest.c   -logg >&5
conftest.c: In function 'main':
conftest.c:35: warning: ignoring return value of 'system', declared with attribute warn_unused_result
configure:11386: $? = 0
configure:11386: ./conftest
configure:11386: $? = 0
configure:11404: result: yes
configure:11463: checking for sin in -lm
configure:11488: gcc -std=gnu99 -o conftest -g -O2   conftest.c -lm   >&5
conftest.c:34: warning: conflicting types for built-in function 'sin'
configure:11488: $? = 0
configure:11497: result: yes
configure:11512: checking for getopt_long
configure:11512: gcc -std=gnu99 -o conftest -g -O2   conftest.c -lm  >&5
configure:11512: $? = 0
configure:11512: result: yes
configure:11579: checking for main in -lwinmm
configure:11598: gcc -std=gnu99 -o conftest -g -O2   conftest.c -lwinmm  -lm  >&5
/usr/bin/ld: cannot find -lwinmm
collect2: ld returned 1 exit status
configure:11598: $? = 1
configure: failed program was:
| /* confdefs.h */
| #define PACKAGE_NAME ""
| #define PACKAGE_TARNAME ""
| #define PACKAGE_VERSION ""
| #define PACKAGE_STRING ""
| #define PACKAGE_BUGREPORT ""
| #define PACKAGE_URL ""
| #define STDC_HEADERS 1
| #define HAVE_SYS_TYPES_H 1
| #define HAVE_SYS_STAT_H 1
| #define HAVE_STDLIB_H 1
| #define HAVE_STRING_H 1
| #define HAVE_MEMORY_H 1
| #define HAVE_STRINGS_H 1
| #define HAVE_INTTYPES_H 1
| #define HAVE_STDINT_H 1
| #define HAVE_UNISTD_H 1
| #define HAVE_DLFCN_H 1
| #define LT_OBJDIR ".libs/"
| #define restrict __restrict
| #define CELT_BUILD /**/
| #define VAR_ARRAYS /**/
| #define HAVE_ALLOCA_H 1
| #define HAVE_GETOPT_H 1
| #define HAVE_SYS_SOUNDCARD_H 1
| #define HAVE_LIBM 1
| #define HAVE_GETOPT_LONG 1
| /* end confdefs.h.  */
| 
| 
| int
| main ()
| {
| return main ();
|   ;
|   return 0;
| }
configure:11607: result: no
configure:11749: checking if  supports -fvisibility=hidden
configure:11755: gcc -std=gnu99 -c -g -O2 -fvisibility=hidden  conftest.c >&5
configure:11755: $? = 0
configure:11756: result: yes
configure:11771: checking for lrintf
configure:11792: gcc -std=gnu99 -c -g -O2 -fvisibility=hidden -W -Wstrict-prototypes -Wall -Wextra -Wcast-align -Wnested-externs -Wshadow -Wno-parentheses -Wno-unused-parameter -Wno-sign-compare  conftest.c >&5
conftest.c:46: warning: function declaration isn't a prototype
conftest.c: In function 'main':
conftest.c:47: warning: unused variable 'value'
configure:11792: $? = 0
configure:11799: result: yes
configure:11807: checking for lrint
configure:11828: gcc -std=gnu99 -c -g -O2 -fvisibility=hidden -W -Wstrict-prototypes -Wall -Wextra -Wcast-align -Wnested-externs -Wshadow -Wno-parentheses -Wno-unused-parameter -Wno-sign-compare  conftest.c >&5
conftest.c:47: warning: function declaration isn't a prototype
conftest.c: In function 'main':
conftest.c:48: warning: unused variable 'value'
configure:11828: $? = 0
configure:11835: result: yes
configure:11848: checking size of short
configure:11853: gcc -std=gnu99 -o conftest -g -O2 -fvisibility=hidden -W -Wstrict-prototypes -Wall -Wextra -Wcast-align -Wnested-externs -Wshadow -Wno-parentheses -Wno-unused-parameter -Wno-sign-compare   conftest.c -lm  >&5
conftest.c:73: warning: function declaration isn't a prototype
conftest.c:74: warning: function declaration isn't a prototype
conftest.c:79: warning: function declaration isn't a prototype
configure:11853: $? = 0
configure:11853: ./conftest
configure:11853: $? = 0
configure:11868: result: 2
configure:11882: checking size of int
configure:11887: gcc -std=gnu99 -o conftest -g -O2 -fvisibility=hidden -W -Wstrict-prototypes -Wall -Wextra -Wcast-align -Wnested-externs -Wshadow -Wno-parentheses -Wno-unused-parameter -Wno-sign-compare   conftest.c -lm  >&5
conftest.c:74: warning: function declaration isn't a prototype
conftest.c:75: warning: function declaration isn't a prototype
conftest.c:80: warning: function declaration isn't a prototype
configure:11887: $? = 0
configure:11887: ./conftest
configure:11887: $? = 0
configure:11902: result: 4
configure:11916: checking size of long
configure:11921: gcc -std=gnu99 -o conftest -g -O2 -fvisibility=hidden -W -Wstrict-prototypes -Wall -Wextra -Wcast-align -Wnested-externs -Wshadow -Wno-parentheses -Wno-unused-parameter -Wno-sign-compare   conftest.c -lm  >&5
conftest.c:75: warning: function declaration isn't a prototype
conftest.c:76: warning: function declaration isn't a prototype
conftest.c:81: warning: function declaration isn't a prototype
configure:11921: $? = 0
configure:11921: ./conftest
configure:11921: $? = 0
configure:11936: result: 8
configure:11950: checking size of long long
configure:11955: gcc -std=gnu99 -o conftest -g -O2 -fvisibility=hidden -W -Wstrict-prototypes -Wall -Wextra -Wcast-align -Wnested-externs -Wshadow -Wno-parentheses -Wno-unused-parameter -Wno-sign-compare   conftest.c -lm  >&5
conftest.c:76: warning: function declaration isn't a prototype
conftest.c:77: warning: function declaration isn't a prototype
conftest.c:82: warning: function declaration isn't a prototype
configure:11955: $? = 0
configure:11955: ./conftest
configure:11955: $? = 0
configure:11970: result: 8
configure:12135: creating ./config.status

## ---------------------- ##
## Running config.status. ##
## ---------------------- ##

This file was extended by config.status, which was
generated by GNU Autoconf 2.64.  Invocation command line was

  CONFIG_FILES    = 
  CONFIG_HEADERS  = 
  CONFIG_LINKS    = 
  CONFIG_COMMANDS = 
  $ ./config.status 

on suspire

config.status:1099: creating Makefile
config.status:1099: creating libcelt/Makefile
config.status:1099: creating tests/Makefile
config.status:1099: creating celt.pc
config.status:1099: creating tools/Makefile
config.status:1099: creating libcelt.spec
config.status:1099: creating config.h
config.status:1319: executing depfiles commands
config.status:1319: executing libtool commands
configure:14359: result:
------------------------------------------------------------------------
  celt 0.7.1:  Automatic configuration OK.

    Compiler support:

      C99 var arrays: ................ yes
      C99 lrintf: .................... yes
      Alloca: ........................ yes

    General configuration:

      Fast float approximations: ..... no
      Fixed point support: ........... yes
      Fixed point debugging: ......... no
      Static modes: .................. yes
      Assertion checking: ............ no
      New PLC: ....................... no
------------------------------------------------------------------------


## ---------------- ##
## Cache variables. ##
## ---------------- ##

ac_cv_build=x86_64-unknown-linux-gnu
ac_cv_c99_lrint=yes
ac_cv_c99_lrintf=yes
ac_cv_c_bigendian=no
ac_cv_c_compiler_gnu=yes
ac_cv_c_const=yes
ac_cv_c_inline=inline
ac_cv_c_restrict=__restrict
ac_cv_env_CC_set=
ac_cv_env_CC_value=
ac_cv_env_CFLAGS_set=
ac_cv_env_CFLAGS_value=
ac_cv_env_CPPFLAGS_set=
ac_cv_env_CPPFLAGS_value=
ac_cv_env_CPP_set=
ac_cv_env_CPP_value=
ac_cv_env_LDFLAGS_set=
ac_cv_env_LDFLAGS_value=
ac_cv_env_LIBS_set=
ac_cv_env_LIBS_value=
ac_cv_env_build_alias_set=
ac_cv_env_build_alias_value=
ac_cv_env_host_alias_set=
ac_cv_env_host_alias_value=
ac_cv_env_target_alias_set=
ac_cv_env_target_alias_value=
ac_cv_func_getopt_long=yes
ac_cv_header_alloca_h=yes
ac_cv_header_dlfcn_h=yes
ac_cv_header_getopt_h=yes
ac_cv_header_inttypes_h=yes
ac_cv_header_memory_h=yes
ac_cv_header_stdc=yes
ac_cv_header_stdint_h=yes
ac_cv_header_stdlib_h=yes
ac_cv_header_string_h=yes
ac_cv_header_strings_h=yes
ac_cv_header_sys_audioio_h=no
ac_cv_header_sys_soundcard_h=yes
ac_cv_header_sys_stat_h=yes
ac_cv_header_sys_types_h=yes
ac_cv_header_unistd_h=yes
ac_cv_host=x86_64-unknown-linux-gnu
ac_cv_lib_m_sin=yes
ac_cv_lib_winmm_main=no
ac_cv_objext=o
ac_cv_path_EGREP='/bin/grep -E'
ac_cv_path_FGREP='/bin/grep -F'
ac_cv_path_GREP=/bin/grep
ac_cv_path_SED=/bin/sed
ac_cv_path_install='/usr/bin/install -c'
ac_cv_path_mkdir=/bin/mkdir
ac_cv_prog_AWK=gawk
ac_cv_prog_CPP='gcc -E'
ac_cv_prog_ac_ct_AR=ar
ac_cv_prog_ac_ct_CC=gcc
ac_cv_prog_ac_ct_OBJDUMP=objdump
ac_cv_prog_ac_ct_RANLIB=ranlib
ac_cv_prog_ac_ct_STRIP=strip
ac_cv_prog_cc_c89=
ac_cv_prog_cc_c99=-std=gnu99
ac_cv_prog_cc_g=yes
ac_cv_prog_make_make_set=yes
ac_cv_sizeof_int=4
ac_cv_sizeof_long=8
ac_cv_sizeof_long_long=8
ac_cv_sizeof_short=2
am_cv_CC_dependencies_compiler_type=gcc3
lt_cv_deplibs_check_method=pass_all
lt_cv_file_magic_cmd='$MAGIC_CMD'
lt_cv_file_magic_test_file=
lt_cv_ld_reload_flag=-r
lt_cv_nm_interface='BSD nm'
lt_cv_objdir=.libs
lt_cv_path_LD=/usr/bin/ld
lt_cv_path_NM='/usr/bin/nm -B'
lt_cv_prog_compiler_c_o=yes
lt_cv_prog_compiler_pic_works=yes
lt_cv_prog_compiler_rtti_exceptions=no
lt_cv_prog_compiler_static_works=yes
lt_cv_prog_gnu_ld=yes
lt_cv_sys_global_symbol_pipe='sed -n -e '\''s/^.*[	 ]\([ABCDGIRSTW][ABCDGIRSTW]*\)[	 ][	 ]*\([_A-Za-z][_A-Za-z0-9]*\)$/\1 \2 \2/p'\'''
lt_cv_sys_global_symbol_to_c_name_address='sed -n -e '\''s/^: \([^ ]*\) $/  {\"\1\", (void *) 0},/p'\'' -e '\''s/^[ABCDGIRSTW]* \([^ ]*\) \([^ ]*\)$/  {"\2", (void *) \&\2},/p'\'''
lt_cv_sys_global_symbol_to_c_name_address_lib_prefix='sed -n -e '\''s/^: \([^ ]*\) $/  {\"\1\", (void *) 0},/p'\'' -e '\''s/^[ABCDGIRSTW]* \([^ ]*\) \(lib[^ ]*\)$/  {"\2", (void *) \&\2},/p'\'' -e '\''s/^[ABCDGIRSTW]* \([^ ]*\) \([^ ]*\)$/  {"lib\2", (void *) \&\2},/p'\'''
lt_cv_sys_global_symbol_to_cdecl='sed -n -e '\''s/^T .* \(.*\)$/extern int \1();/p'\'' -e '\''s/^[ABCDGIRSTW]* .* \(.*\)$/extern char \1;/p'\'''
lt_cv_sys_max_cmd_len=1572864

## ----------------- ##
## Output variables. ##
## ----------------- ##

ACLOCAL='${SHELL} /media/mp3/pfc/CELT-FREESCALE/proyecto/celt-0.7.1/missing --run aclocal-1.11'
AMDEPBACKSLASH='\'
AMDEP_FALSE='#'
AMDEP_TRUE=''
AMTAR='${SHELL} /media/mp3/pfc/CELT-FREESCALE/proyecto/celt-0.7.1/missing --run tar'
AR='ar'
AUTOCONF='${SHELL} /media/mp3/pfc/CELT-FREESCALE/proyecto/celt-0.7.1/missing --run autoconf'
AUTOHEADER='${SHELL} /media/mp3/pfc/CELT-FREESCALE/proyecto/celt-0.7.1/missing --run autoheader'
AUTOMAKE='${SHELL} /media/mp3/pfc/CELT-FREESCALE/proyecto/celt-0.7.1/missing --run automake-1.11'
AWK='gawk'
CC='gcc -std=gnu99'
CCDEPMODE='depmode=gcc3'
CELT_LT_AGE='0'
CELT_LT_CURRENT='0'
CELT_LT_REVISION='0'
CELT_VERSION='0.7.1'
CFLAGS='-g -O2 -fvisibility=hidden -W -Wstrict-prototypes -Wall -Wextra -Wcast-align -Wnested-externs -Wshadow -Wno-parentheses -Wno-unused-parameter -Wno-sign-compare'
CPP='gcc -E'
CPPFLAGS=''
CYGPATH_W='echo'
DEFS='-DHAVE_CONFIG_H'
DEPDIR='.deps'
DSYMUTIL=''
DUMPBIN=''
ECHO_C=''
ECHO_N='-n'
ECHO_T=''
EGREP='/bin/grep -E'
EXEEXT=''
FGREP='/bin/grep -F'
GREP='/bin/grep'
INSTALL_DATA='${INSTALL} -m 644'
INSTALL_PROGRAM='${INSTALL}'
INSTALL_SCRIPT='${INSTALL}'
INSTALL_STRIP_PROGRAM='$(install_sh) -c -s'
LD='/usr/bin/ld -m elf_x86_64'
LDFLAGS=''
LIBCELT_SUFFIX='0'
LIBOBJS=''
LIBS='-lm '
LIBTOOL='$(SHELL) $(top_builddir)/libtool'
LIPO=''
LN_S='ln -s'
LTLIBOBJS=''
MAINT='#'
MAINTAINER_MODE_FALSE=''
MAINTAINER_MODE_TRUE='#'
MAKEINFO='${SHELL} /media/mp3/pfc/CELT-FREESCALE/proyecto/celt-0.7.1/missing --run makeinfo'
MKDIR_P='/bin/mkdir -p'
NM='/usr/bin/nm -B'
NMEDIT=''
OBJDUMP='objdump'
OBJEXT='o'
OGG_CFLAGS=''
OGG_LIBS=' -logg'
OTOOL64=''
OTOOL=''
PACKAGE='celt'
PACKAGE_BUGREPORT=''
PACKAGE_NAME=''
PACKAGE_STRING=''
PACKAGE_TARNAME=''
PACKAGE_URL=''
PACKAGE_VERSION=''
PATH_SEPARATOR=':'
RANLIB='ranlib'
SED='/bin/sed'
SET_MAKE=''
SHELL='/bin/bash'
SIZE16='short'
SIZE32='int'
STRIP='strip'
SYMBOL_VISIBILITY='-fvisibility=hidden'
VERSION='0.7.1'
ac_ct_CC='gcc'
ac_ct_DUMPBIN=''
am__EXEEXT_FALSE=''
am__EXEEXT_TRUE='#'
am__fastdepCC_FALSE='#'
am__fastdepCC_TRUE=''
am__include='include'
am__isrc=''
am__leading_dot='.'
am__quote=''
am__tar='${AMTAR} chof - "$$tardir"'
am__untar='${AMTAR} xf -'
bindir='${exec_prefix}/bin'
build='x86_64-unknown-linux-gnu'
build_alias=''
build_cpu='x86_64'
build_os='linux-gnu'
build_vendor='unknown'
datadir='${datarootdir}'
datarootdir='${prefix}/share'
docdir='${datarootdir}/doc/${PACKAGE}'
dvidir='${docdir}'
exec_prefix='${prefix}'
host='x86_64-unknown-linux-gnu'
host_alias=''
host_cpu='x86_64'
host_os='linux-gnu'
host_vendor='unknown'
htmldir='${docdir}'
includedir='${prefix}/include'
infodir='${datarootdir}/info'
install_sh='${SHELL} /media/mp3/pfc/CELT-FREESCALE/proyecto/celt-0.7.1/install-sh'
libdir='${exec_prefix}/lib'
libexecdir='${exec_prefix}/libexec'
localedir='${datarootdir}/locale'
localstatedir='${prefix}/var'
lt_ECHO='echo'
mandir='${datarootdir}/man'
mkdir_p='/bin/mkdir -p'
oldincludedir='/usr/include'
pdfdir='${docdir}'
prefix='/usr/local'
program_transform_name='s,x,x,'
psdir='${docdir}'
sbindir='${exec_prefix}/sbin'
sharedstatedir='${prefix}/com'
sysconfdir='${prefix}/etc'
target_alias=''
tools='tools'

## ----------- ##
## confdefs.h. ##
## ----------- ##

/* confdefs.h */
#define PACKAGE_NAME ""
#define PACKAGE_TARNAME ""
#define PACKAGE_VERSION ""
#define PACKAGE_STRING ""
#define PACKAGE_BUGREPORT ""
#define PACKAGE_URL ""
#define STDC_HEADERS 1
#define HAVE_SYS_TYPES_H 1
#define HAVE_SYS_STAT_H 1
#define HAVE_STDLIB_H 1
#define HAVE_STRING_H 1
#define HAVE_MEMORY_H 1
#define HAVE_STRINGS_H 1
#define HAVE_INTTYPES_H 1
#define HAVE_STDINT_H 1
#define HAVE_UNISTD_H 1
#define HAVE_DLFCN_H 1
#define LT_OBJDIR ".libs/"
#define restrict __restrict
#define CELT_BUILD /**/
#define VAR_ARRAYS /**/
#define HAVE_ALLOCA_H 1
#define HAVE_GETOPT_H 1
#define HAVE_SYS_SOUNDCARD_H 1
#define HAVE_LIBM 1
#define HAVE_GETOPT_LONG 1
#define CELT_VERSION "0.7.1"
#define CELT_MAJOR_VERSION 0
#define CELT_MINOR_VERSION 7
#define CELT_MICRO_VERSION 1
#define CELT_EXTRA_VERSION ""
#define FIXED_POINT /**/
#define DOUBLE_PRECISION /**/
#define MIXED_PRECISION /**/
#define STATIC_MODES /**/
#define HAVE_LRINTF 1
#define HAVE_LRINT 1
#define SIZEOF_SHORT 2
#define SIZEOF_INT 4
#define SIZEOF_LONG 8
#define SIZEOF_LONG_LONG 8

configure: exit 0
